=== Health Check Thu Mar 12 09:25:34 AM WIB 2026 ===
Thu Mar 12 09:25:34 AM WIB 2026: ✅ ThreadsBot is running
Thu Mar 12 09:25:34 AM WIB 2026: ✅ Port 5008 is listening
Thu Mar 12 09:25:34 AM WIB 2026: ✅ Database exists (131072 bytes)

=== Health Check Thu Mar 12 09:30:01 AM WIB 2026 ===
Thu Mar 12 09:30:01 AM WIB 2026: ✅ ThreadsBot is running
Thu Mar 12 09:30:01 AM WIB 2026: ✅ Port 5008 is listening
Thu Mar 12 09:30:01 AM WIB 2026: ✅ Database exists (131072 bytes)

=== Health Check Thu Mar 12 09:45:02 AM WIB 2026 ===
Thu Mar 12 09:45:02 AM WIB 2026: ✅ ThreadsBot is running
Thu Mar 12 09:45:02 AM WIB 2026: ✅ Port 5008 is listening
Thu Mar 12 09:45:02 AM WIB 2026: ✅ Database exists (135168 bytes)

=== Health Check Thu Mar 12 10:00:01 AM WIB 2026 ===
Thu Mar 12 10:00:01 AM WIB 2026: ✅ ThreadsBot is running
Thu Mar 12 10:00:01 AM WIB 2026: ✅ Port 5008 is listening
Thu Mar 12 10:00:01 AM WIB 2026: ✅ Database exists (139264 bytes)

=== Health Check Thu Mar 12 10:15:01 AM WIB 2026 ===
Thu Mar 12 10:15:01 AM WIB 2026: ✅ ThreadsBot is running
Thu Mar 12 10:15:01 AM WIB 2026: ✅ Port 5008 is listening
Thu Mar 12 10:15:01 AM WIB 2026: ✅ Database exists (233472 bytes)

=== Health Check Thu Mar 12 10:30:01 AM WIB 2026 ===
Thu Mar 12 10:30:01 AM WIB 2026: ✅ ThreadsBot is running
Thu Mar 12 10:30:01 AM WIB 2026: ✅ Port 5008 is listening
Thu Mar 12 10:30:01 AM WIB 2026: ✅ Database exists (233472 bytes)

=== Health Check Thu Mar 12 10:45:01 AM WIB 2026 ===
Thu Mar 12 10:45:01 AM WIB 2026: ✅ ThreadsBot is running
Thu Mar 12 10:45:01 AM WIB 2026: ✅ Port 5008 is listening
Thu Mar 12 10:45:01 AM WIB 2026: ✅ Database exists (454656 bytes)

=== Health Check Thu Mar 12 11:00:01 AM WIB 2026 ===
Thu Mar 12 11:00:01 AM WIB 2026: ✅ ThreadsBot is running
Thu Mar 12 11:00:01 AM WIB 2026: ✅ Port 5008 is listening
Thu Mar 12 11:00:01 AM WIB 2026: ✅ Database exists (548864 bytes)

=== Health Check Thu Mar 12 11:15:01 AM WIB 2026 ===
Thu Mar 12 11:15:01 AM WIB 2026: ✅ ThreadsBot is running
Thu Mar 12 11:15:01 AM WIB 2026: ✅ Port 5008 is listening
Thu Mar 12 11:15:01 AM WIB 2026: ✅ Database exists (565248 bytes)

=== Health Check Thu Mar 12 11:30:01 AM WIB 2026 ===
Thu Mar 12 11:30:01 AM WIB 2026: ✅ ThreadsBot is running
Thu Mar 12 11:30:01 AM WIB 2026: ✅ Port 5008 is listening
Thu Mar 12 11:30:01 AM WIB 2026: ✅ Database exists (565248 bytes)

=== Health Check Thu Mar 12 11:45:01 AM WIB 2026 ===
Thu Mar 12 11:45:01 AM WIB 2026: ✅ ThreadsBot is running
Thu Mar 12 11:45:01 AM WIB 2026: ✅ Port 5008 is listening
Thu Mar 12 11:45:01 AM WIB 2026: ✅ Database exists (565248 bytes)

=== Health Check Thu Mar 12 12:00:01 PM WIB 2026 ===
Thu Mar 12 12:00:01 PM WIB 2026: ✅ ThreadsBot is running
Thu Mar 12 12:00:01 PM WIB 2026: ✅ Port 5008 is listening
Thu Mar 12 12:00:01 PM WIB 2026: ✅ Database exists (565248 bytes)

=== Health Check Thu Mar 12 12:15:01 PM WIB 2026 ===
Thu Mar 12 12:15:01 PM WIB 2026: ✅ ThreadsBot is running
Thu Mar 12 12:15:01 PM WIB 2026: ✅ Port 5008 is listening
Thu Mar 12 12:15:01 PM WIB 2026: ✅ Database exists (565248 bytes)

=== Health Check Thu Mar 12 12:30:01 PM WIB 2026 ===
Thu Mar 12 12:30:01 PM WIB 2026: ✅ ThreadsBot is running
Thu Mar 12 12:30:01 PM WIB 2026: ✅ Port 5008 is listening
Thu Mar 12 12:30:01 PM WIB 2026: ✅ Database exists (565248 bytes)

=== Health Check Thu Mar 12 12:45:01 PM WIB 2026 ===
Thu Mar 12 12:45:01 PM WIB 2026: ✅ ThreadsBot is running
Thu Mar 12 12:45:01 PM WIB 2026: ✅ Port 5008 is listening
Thu Mar 12 12:45:01 PM WIB 2026: ✅ Database exists (565248 bytes)

=== Health Check Thu Mar 12 01:00:01 PM WIB 2026 ===
Thu Mar 12 01:00:01 PM WIB 2026: ✅ ThreadsBot is running
Thu Mar 12 01:00:01 PM WIB 2026: ✅ Port 5008 is listening
Thu Mar 12 01:00:02 PM WIB 2026: ✅ Database exists (565248 bytes)

=== Health Check Thu Mar 12 01:15:01 PM WIB 2026 ===
Thu Mar 12 01:15:01 PM WIB 2026: ✅ ThreadsBot is running
Thu Mar 12 01:15:01 PM WIB 2026: ✅ Port 5008 is listening
Thu Mar 12 01:15:01 PM WIB 2026: ✅ Database exists (565248 bytes)

=== Health Check Thu Mar 12 01:30:01 PM WIB 2026 ===
Thu Mar 12 01:30:01 PM WIB 2026: ✅ ThreadsBot is running
Thu Mar 12 01:30:01 PM WIB 2026: ✅ Port 5008 is listening
Thu Mar 12 01:30:02 PM WIB 2026: ✅ Database exists (565248 bytes)

=== Health Check Thu Mar 12 01:45:01 PM WIB 2026 ===
Thu Mar 12 01:45:02 PM WIB 2026: ✅ ThreadsBot is running
Thu Mar 12 01:45:02 PM WIB 2026: ✅ Port 5008 is listening
Thu Mar 12 01:45:02 PM WIB 2026: ✅ Database exists (565248 bytes)

=== Health Check Thu Mar 12 02:00:01 PM WIB 2026 ===
Thu Mar 12 02:00:01 PM WIB 2026: ✅ ThreadsBot is running
Thu Mar 12 02:00:01 PM WIB 2026: ✅ Port 5008 is listening
Thu Mar 12 02:00:01 PM WIB 2026: ✅ Database exists (565248 bytes)

=== Health Check Thu Mar 12 02:15:01 PM WIB 2026 ===
Thu Mar 12 02:15:01 PM WIB 2026: ✅ ThreadsBot is running
Thu Mar 12 02:15:01 PM WIB 2026: ✅ Port 5008 is listening
Thu Mar 12 02:15:01 PM WIB 2026: ✅ Database exists (565248 bytes)

=== Health Check Thu Mar 12 02:30:01 PM WIB 2026 ===
Thu Mar 12 02:30:01 PM WIB 2026: ✅ ThreadsBot is running
Thu Mar 12 02:30:01 PM WIB 2026: ✅ Port 5008 is listening
Thu Mar 12 02:30:02 PM WIB 2026: ✅ Database exists (565248 bytes)

=== Health Check Thu Mar 12 02:45:01 PM WIB 2026 ===
Thu Mar 12 02:45:01 PM WIB 2026: ✅ ThreadsBot is running
Thu Mar 12 02:45:01 PM WIB 2026: ✅ Port 5008 is listening
Thu Mar 12 02:45:01 PM WIB 2026: ✅ Database exists (565248 bytes)

=== Health Check Thu Mar 12 03:00:01 PM WIB 2026 ===
Thu Mar 12 03:00:01 PM WIB 2026: ✅ ThreadsBot is running
Thu Mar 12 03:00:01 PM WIB 2026: ✅ Port 5008 is listening
Thu Mar 12 03:00:01 PM WIB 2026: ✅ Database exists (565248 bytes)

=== Health Check Thu Mar 12 03:15:01 PM WIB 2026 ===
Thu Mar 12 03:15:01 PM WIB 2026: ✅ ThreadsBot is running
Thu Mar 12 03:15:01 PM WIB 2026: ✅ Port 5008 is listening
Thu Mar 12 03:15:01 PM WIB 2026: ✅ Database exists (565248 bytes)

=== Health Check Thu Mar 12 03:30:01 PM WIB 2026 ===
Thu Mar 12 03:30:02 PM WIB 2026: ✅ ThreadsBot is running
Thu Mar 12 03:30:02 PM WIB 2026: ✅ Port 5008 is listening
Thu Mar 12 03:30:02 PM WIB 2026: ✅ Database exists (565248 bytes)

=== Health Check Thu Mar 12 03:45:01 PM WIB 2026 ===
Thu Mar 12 03:45:01 PM WIB 2026: ✅ ThreadsBot is running
Thu Mar 12 03:45:01 PM WIB 2026: ✅ Port 5008 is listening
Thu Mar 12 03:45:01 PM WIB 2026: ✅ Database exists (565248 bytes)

=== Health Check Thu Mar 12 04:00:01 PM WIB 2026 ===
Thu Mar 12 04:00:01 PM WIB 2026: ✅ ThreadsBot is running
Thu Mar 12 04:00:01 PM WIB 2026: ✅ Port 5008 is listening
Thu Mar 12 04:00:01 PM WIB 2026: ✅ Database exists (565248 bytes)

=== Health Check Thu Mar 12 04:15:01 PM WIB 2026 ===
Thu Mar 12 04:15:01 PM WIB 2026: ✅ ThreadsBot is running
Thu Mar 12 04:15:01 PM WIB 2026: ✅ Port 5008 is listening
Thu Mar 12 04:15:01 PM WIB 2026: ✅ Database exists (565248 bytes)

=== Health Check Thu Mar 12 04:30:01 PM WIB 2026 ===
Thu Mar 12 04:30:01 PM WIB 2026: ✅ ThreadsBot is running
Thu Mar 12 04:30:01 PM WIB 2026: ✅ Port 5008 is listening
Thu Mar 12 04:30:01 PM WIB 2026: ✅ Database exists (577536 bytes)

=== Health Check Thu Mar 12 04:45:01 PM WIB 2026 ===
Thu Mar 12 04:45:01 PM WIB 2026: ✅ ThreadsBot is running
Thu Mar 12 04:45:01 PM WIB 2026: ✅ Port 5008 is listening
Thu Mar 12 04:45:01 PM WIB 2026: ✅ Database exists (577536 bytes)

=== Health Check Thu Mar 12 05:00:01 PM WIB 2026 ===
Thu Mar 12 05:00:01 PM WIB 2026: ✅ ThreadsBot is running
Thu Mar 12 05:00:01 PM WIB 2026: ✅ Port 5008 is listening
Thu Mar 12 05:00:01 PM WIB 2026: ✅ Database exists (577536 bytes)

=== Health Check Thu Mar 12 05:15:01 PM WIB 2026 ===
Thu Mar 12 05:15:01 PM WIB 2026: ✅ ThreadsBot is running
Thu Mar 12 05:15:01 PM WIB 2026: ✅ Port 5008 is listening
Thu Mar 12 05:15:01 PM WIB 2026: ✅ Database exists (577536 bytes)

=== Health Check Thu Mar 12 05:30:02 PM WIB 2026 ===
Thu Mar 12 05:30:02 PM WIB 2026: ✅ ThreadsBot is running
Thu Mar 12 05:30:02 PM WIB 2026: ✅ Port 5008 is listening
Thu Mar 12 05:30:02 PM WIB 2026: ✅ Database exists (577536 bytes)

=== Health Check Thu Mar 12 05:45:01 PM WIB 2026 ===
Thu Mar 12 05:45:01 PM WIB 2026: ✅ ThreadsBot is running
Thu Mar 12 05:45:01 PM WIB 2026: ✅ Port 5008 is listening
Thu Mar 12 05:45:01 PM WIB 2026: ✅ Database exists (577536 bytes)

=== Health Check Thu Mar 12 06:00:01 PM WIB 2026 ===
Thu Mar 12 06:00:01 PM WIB 2026: ✅ ThreadsBot is running
Thu Mar 12 06:00:01 PM WIB 2026: ✅ Port 5008 is listening
Thu Mar 12 06:00:01 PM WIB 2026: ✅ Database exists (577536 bytes)

=== Health Check Thu Mar 12 06:15:01 PM WIB 2026 ===
Thu Mar 12 06:15:01 PM WIB 2026: ✅ ThreadsBot is running
Thu Mar 12 06:15:01 PM WIB 2026: ✅ Port 5008 is listening
Thu Mar 12 06:15:01 PM WIB 2026: ✅ Database exists (577536 bytes)

=== Health Check Thu Mar 12 06:30:01 PM WIB 2026 ===
Thu Mar 12 06:30:01 PM WIB 2026: ✅ ThreadsBot is running
Thu Mar 12 06:30:01 PM WIB 2026: ✅ Port 5008 is listening
Thu Mar 12 06:30:01 PM WIB 2026: ✅ Database exists (577536 bytes)

=== Health Check Thu Mar 12 06:45:01 PM WIB 2026 ===
Thu Mar 12 06:45:01 PM WIB 2026: ✅ ThreadsBot is running
Thu Mar 12 06:45:01 PM WIB 2026: ✅ Port 5008 is listening
Thu Mar 12 06:45:01 PM WIB 2026: ✅ Database exists (577536 bytes)

=== Health Check Thu Mar 12 07:00:01 PM WIB 2026 ===
Thu Mar 12 07:00:01 PM WIB 2026: ✅ ThreadsBot is running
Thu Mar 12 07:00:01 PM WIB 2026: ✅ Port 5008 is listening
Thu Mar 12 07:00:01 PM WIB 2026: ✅ Database exists (577536 bytes)

=== Health Check Thu Mar 12 07:15:01 PM WIB 2026 ===
Thu Mar 12 07:15:01 PM WIB 2026: ✅ ThreadsBot is running
Thu Mar 12 07:15:01 PM WIB 2026: ✅ Port 5008 is listening
Thu Mar 12 07:15:01 PM WIB 2026: ✅ Database exists (577536 bytes)

=== Health Check Thu Mar 12 07:30:01 PM WIB 2026 ===
Thu Mar 12 07:30:01 PM WIB 2026: ✅ ThreadsBot is running
Thu Mar 12 07:30:01 PM WIB 2026: ✅ Port 5008 is listening
Thu Mar 12 07:30:01 PM WIB 2026: ✅ Database exists (577536 bytes)

=== Health Check Thu Mar 12 07:45:01 PM WIB 2026 ===
Thu Mar 12 07:45:01 PM WIB 2026: ✅ ThreadsBot is running
Thu Mar 12 07:45:01 PM WIB 2026: ✅ Port 5008 is listening
Thu Mar 12 07:45:01 PM WIB 2026: ✅ Database exists (577536 bytes)

=== Health Check Thu Mar 12 08:00:01 PM WIB 2026 ===
Thu Mar 12 08:00:01 PM WIB 2026: ✅ ThreadsBot is running
Thu Mar 12 08:00:02 PM WIB 2026: ✅ Port 5008 is listening
Thu Mar 12 08:00:02 PM WIB 2026: ✅ Database exists (577536 bytes)

=== Health Check Thu Mar 12 08:15:01 PM WIB 2026 ===
Thu Mar 12 08:15:02 PM WIB 2026: ✅ ThreadsBot is running
Thu Mar 12 08:15:02 PM WIB 2026: ✅ Port 5008 is listening
Thu Mar 12 08:15:02 PM WIB 2026: ✅ Database exists (577536 bytes)

=== Health Check Thu Mar 12 08:30:01 PM WIB 2026 ===
Thu Mar 12 08:30:01 PM WIB 2026: ✅ ThreadsBot is running
Thu Mar 12 08:30:01 PM WIB 2026: ✅ Port 5008 is listening
Thu Mar 12 08:30:02 PM WIB 2026: ✅ Database exists (577536 bytes)

=== Health Check Thu Mar 12 08:45:01 PM WIB 2026 ===
Thu Mar 12 08:45:01 PM WIB 2026: ✅ ThreadsBot is running
Thu Mar 12 08:45:01 PM WIB 2026: ✅ Port 5008 is listening
Thu Mar 12 08:45:01 PM WIB 2026: ✅ Database exists (577536 bytes)

=== Health Check Thu Mar 12 09:00:01 PM WIB 2026 ===
Thu Mar 12 09:00:01 PM WIB 2026: ✅ ThreadsBot is running
Thu Mar 12 09:00:01 PM WIB 2026: ✅ Port 5008 is listening
Thu Mar 12 09:00:01 PM WIB 2026: ✅ Database exists (577536 bytes)

=== Health Check Thu Mar 12 09:15:01 PM WIB 2026 ===
Thu Mar 12 09:15:01 PM WIB 2026: ✅ ThreadsBot is running
Thu Mar 12 09:15:01 PM WIB 2026: ✅ Port 5008 is listening
Thu Mar 12 09:15:01 PM WIB 2026: ✅ Database exists (577536 bytes)

=== Health Check Thu Mar 12 09:30:01 PM WIB 2026 ===
Thu Mar 12 09:30:01 PM WIB 2026: ✅ ThreadsBot is running
Thu Mar 12 09:30:01 PM WIB 2026: ✅ Port 5008 is listening
Thu Mar 12 09:30:01 PM WIB 2026: ✅ Database exists (577536 bytes)

=== Health Check Thu Mar 12 09:45:01 PM WIB 2026 ===
Thu Mar 12 09:45:01 PM WIB 2026: ✅ ThreadsBot is running
Thu Mar 12 09:45:01 PM WIB 2026: ✅ Port 5008 is listening
Thu Mar 12 09:45:01 PM WIB 2026: ✅ Database exists (577536 bytes)

=== Health Check Thu Mar 12 10:00:01 PM WIB 2026 ===
Thu Mar 12 10:00:01 PM WIB 2026: ✅ ThreadsBot is running
Thu Mar 12 10:00:01 PM WIB 2026: ✅ Port 5008 is listening
Thu Mar 12 10:00:01 PM WIB 2026: ✅ Database exists (577536 bytes)

=== Health Check Thu Mar 12 10:15:01 PM WIB 2026 ===
Thu Mar 12 10:15:01 PM WIB 2026: ✅ ThreadsBot is running
Thu Mar 12 10:15:01 PM WIB 2026: ✅ Port 5008 is listening
Thu Mar 12 10:15:01 PM WIB 2026: ✅ Database exists (577536 bytes)

=== Health Check Thu Mar 12 10:30:01 PM WIB 2026 ===
Thu Mar 12 10:30:01 PM WIB 2026: ✅ ThreadsBot is running
Thu Mar 12 10:30:01 PM WIB 2026: ✅ Port 5008 is listening
Thu Mar 12 10:30:01 PM WIB 2026: ✅ Database exists (577536 bytes)

=== Health Check Thu Mar 12 10:45:01 PM WIB 2026 ===
Thu Mar 12 10:45:01 PM WIB 2026: ✅ ThreadsBot is running
Thu Mar 12 10:45:01 PM WIB 2026: ✅ Port 5008 is listening
Thu Mar 12 10:45:01 PM WIB 2026: ✅ Database exists (577536 bytes)

=== Health Check Thu Mar 12 11:00:01 PM WIB 2026 ===
Thu Mar 12 11:00:01 PM WIB 2026: ✅ ThreadsBot is running
Thu Mar 12 11:00:01 PM WIB 2026: ✅ Port 5008 is listening
Thu Mar 12 11:00:01 PM WIB 2026: ✅ Database exists (577536 bytes)

=== Health Check Thu Mar 12 11:15:01 PM WIB 2026 ===
Thu Mar 12 11:15:01 PM WIB 2026: ✅ ThreadsBot is running
Thu Mar 12 11:15:01 PM WIB 2026: ✅ Port 5008 is listening
Thu Mar 12 11:15:01 PM WIB 2026: ✅ Database exists (577536 bytes)

=== Health Check Thu Mar 12 11:30:01 PM WIB 2026 ===
Thu Mar 12 11:30:01 PM WIB 2026: ✅ ThreadsBot is running
Thu Mar 12 11:30:01 PM WIB 2026: ✅ Port 5008 is listening
Thu Mar 12 11:30:01 PM WIB 2026: ✅ Database exists (577536 bytes)

=== Health Check Thu Mar 12 11:45:01 PM WIB 2026 ===
Thu Mar 12 11:45:01 PM WIB 2026: ✅ ThreadsBot is running
Thu Mar 12 11:45:01 PM WIB 2026: ✅ Port 5008 is listening
Thu Mar 12 11:45:01 PM WIB 2026: ✅ Database exists (577536 bytes)

=== Health Check Fri Mar 13 12:00:01 AM WIB 2026 ===
Fri Mar 13 12:00:01 AM WIB 2026: ✅ ThreadsBot is running
Fri Mar 13 12:00:01 AM WIB 2026: ✅ Port 5008 is listening
Fri Mar 13 12:00:01 AM WIB 2026: ✅ Database exists (577536 bytes)

=== Health Check Fri Mar 13 12:15:01 AM WIB 2026 ===
Fri Mar 13 12:15:01 AM WIB 2026: ✅ ThreadsBot is running
Fri Mar 13 12:15:01 AM WIB 2026: ✅ Port 5008 is listening
Fri Mar 13 12:15:01 AM WIB 2026: ✅ Database exists (589824 bytes)

=== Health Check Fri Mar 13 12:30:01 AM WIB 2026 ===
Fri Mar 13 12:30:01 AM WIB 2026: ✅ ThreadsBot is running
Fri Mar 13 12:30:01 AM WIB 2026: ✅ Port 5008 is listening
Fri Mar 13 12:30:01 AM WIB 2026: ✅ Database exists (589824 bytes)

=== Health Check Fri Mar 13 12:45:01 AM WIB 2026 ===
Fri Mar 13 12:45:01 AM WIB 2026: ✅ ThreadsBot is running
Fri Mar 13 12:45:01 AM WIB 2026: ✅ Port 5008 is listening
Fri Mar 13 12:45:01 AM WIB 2026: ✅ Database exists (589824 bytes)

=== Health Check Fri Mar 13 01:00:01 AM WIB 2026 ===
Fri Mar 13 01:00:01 AM WIB 2026: ✅ ThreadsBot is running
Fri Mar 13 01:00:01 AM WIB 2026: ✅ Port 5008 is listening
Fri Mar 13 01:00:01 AM WIB 2026: ✅ Database exists (589824 bytes)

=== Health Check Fri Mar 13 01:15:01 AM WIB 2026 ===
Fri Mar 13 01:15:02 AM WIB 2026: ✅ ThreadsBot is running
Fri Mar 13 01:15:02 AM WIB 2026: ✅ Port 5008 is listening
Fri Mar 13 01:15:02 AM WIB 2026: ✅ Database exists (589824 bytes)

=== Health Check Fri Mar 13 01:30:01 AM WIB 2026 ===
Fri Mar 13 01:30:01 AM WIB 2026: ✅ ThreadsBot is running
Fri Mar 13 01:30:01 AM WIB 2026: ✅ Port 5008 is listening
Fri Mar 13 01:30:01 AM WIB 2026: ✅ Database exists (589824 bytes)

=== Health Check Fri Mar 13 01:45:01 AM WIB 2026 ===
Fri Mar 13 01:45:01 AM WIB 2026: ✅ ThreadsBot is running
Fri Mar 13 01:45:01 AM WIB 2026: ✅ Port 5008 is listening
Fri Mar 13 01:45:01 AM WIB 2026: ✅ Database exists (589824 bytes)

=== Health Check Fri Mar 13 02:00:01 AM WIB 2026 ===
Fri Mar 13 02:00:01 AM WIB 2026: ✅ ThreadsBot is running
Fri Mar 13 02:00:01 AM WIB 2026: ✅ Port 5008 is listening
Fri Mar 13 02:00:01 AM WIB 2026: ✅ Database exists (589824 bytes)

=== Health Check Fri Mar 13 02:15:01 AM WIB 2026 ===
Fri Mar 13 02:15:01 AM WIB 2026: ✅ ThreadsBot is running
Fri Mar 13 02:15:01 AM WIB 2026: ✅ Port 5008 is listening
Fri Mar 13 02:15:01 AM WIB 2026: ✅ Database exists (589824 bytes)

=== Health Check Fri Mar 13 02:30:01 AM WIB 2026 ===
Fri Mar 13 02:30:01 AM WIB 2026: ✅ ThreadsBot is running
Fri Mar 13 02:30:01 AM WIB 2026: ✅ Port 5008 is listening
Fri Mar 13 02:30:01 AM WIB 2026: ✅ Database exists (589824 bytes)

=== Health Check Fri Mar 13 02:45:01 AM WIB 2026 ===
Fri Mar 13 02:45:01 AM WIB 2026: ✅ ThreadsBot is running
Fri Mar 13 02:45:01 AM WIB 2026: ✅ Port 5008 is listening
Fri Mar 13 02:45:01 AM WIB 2026: ✅ Database exists (589824 bytes)

=== Health Check Fri Mar 13 03:00:01 AM WIB 2026 ===
Fri Mar 13 03:00:01 AM WIB 2026: ✅ ThreadsBot is running
Fri Mar 13 03:00:01 AM WIB 2026: ✅ Port 5008 is listening
Fri Mar 13 03:00:01 AM WIB 2026: ✅ Database exists (589824 bytes)

=== Health Check Fri Mar 13 03:15:01 AM WIB 2026 ===
Fri Mar 13 03:15:01 AM WIB 2026: ✅ ThreadsBot is running
Fri Mar 13 03:15:01 AM WIB 2026: ✅ Port 5008 is listening
Fri Mar 13 03:15:01 AM WIB 2026: ✅ Database exists (589824 bytes)

=== Health Check Fri Mar 13 03:30:01 AM WIB 2026 ===
Fri Mar 13 03:30:01 AM WIB 2026: ✅ ThreadsBot is running
Fri Mar 13 03:30:01 AM WIB 2026: ✅ Port 5008 is listening
Fri Mar 13 03:30:01 AM WIB 2026: ✅ Database exists (589824 bytes)

=== Health Check Fri Mar 13 03:45:01 AM WIB 2026 ===
Fri Mar 13 03:45:01 AM WIB 2026: ✅ ThreadsBot is running
Fri Mar 13 03:45:01 AM WIB 2026: ✅ Port 5008 is listening
Fri Mar 13 03:45:01 AM WIB 2026: ✅ Database exists (589824 bytes)

=== Health Check Fri Mar 13 04:00:01 AM WIB 2026 ===
Fri Mar 13 04:00:01 AM WIB 2026: ✅ ThreadsBot is running
Fri Mar 13 04:00:01 AM WIB 2026: ✅ Port 5008 is listening
Fri Mar 13 04:00:01 AM WIB 2026: ✅ Database exists (589824 bytes)

=== Health Check Fri Mar 13 04:15:01 AM WIB 2026 ===
Fri Mar 13 04:15:01 AM WIB 2026: ✅ ThreadsBot is running
Fri Mar 13 04:15:01 AM WIB 2026: ✅ Port 5008 is listening
Fri Mar 13 04:15:01 AM WIB 2026: ✅ Database exists (589824 bytes)

=== Health Check Fri Mar 13 04:30:01 AM WIB 2026 ===
Fri Mar 13 04:30:01 AM WIB 2026: ✅ ThreadsBot is running
Fri Mar 13 04:30:01 AM WIB 2026: ✅ Port 5008 is listening
Fri Mar 13 04:30:01 AM WIB 2026: ✅ Database exists (589824 bytes)

=== Health Check Fri Mar 13 04:45:01 AM WIB 2026 ===
Fri Mar 13 04:45:01 AM WIB 2026: ✅ ThreadsBot is running
Fri Mar 13 04:45:01 AM WIB 2026: ✅ Port 5008 is listening
Fri Mar 13 04:45:01 AM WIB 2026: ✅ Database exists (589824 bytes)

=== Health Check Fri Mar 13 05:00:01 AM WIB 2026 ===
Fri Mar 13 05:00:01 AM WIB 2026: ✅ ThreadsBot is running
Fri Mar 13 05:00:01 AM WIB 2026: ✅ Port 5008 is listening
Fri Mar 13 05:00:01 AM WIB 2026: ✅ Database exists (589824 bytes)

=== Health Check Fri Mar 13 05:15:01 AM WIB 2026 ===
Fri Mar 13 05:15:01 AM WIB 2026: ✅ ThreadsBot is running
Fri Mar 13 05:15:01 AM WIB 2026: ✅ Port 5008 is listening
Fri Mar 13 05:15:01 AM WIB 2026: ✅ Database exists (589824 bytes)

=== Health Check Fri Mar 13 05:30:01 AM WIB 2026 ===
Fri Mar 13 05:30:01 AM WIB 2026: ✅ ThreadsBot is running
Fri Mar 13 05:30:02 AM WIB 2026: ✅ Port 5008 is listening
Fri Mar 13 05:30:02 AM WIB 2026: ✅ Database exists (589824 bytes)

=== Health Check Fri Mar 13 05:45:01 AM WIB 2026 ===
Fri Mar 13 05:45:01 AM WIB 2026: ✅ ThreadsBot is running
Fri Mar 13 05:45:01 AM WIB 2026: ✅ Port 5008 is listening
Fri Mar 13 05:45:01 AM WIB 2026: ✅ Database exists (589824 bytes)

=== Health Check Fri Mar 13 06:00:01 AM WIB 2026 ===
Fri Mar 13 06:00:01 AM WIB 2026: ✅ ThreadsBot is running
Fri Mar 13 06:00:01 AM WIB 2026: ✅ Port 5008 is listening
Fri Mar 13 06:00:01 AM WIB 2026: ✅ Database exists (589824 bytes)

=== Health Check Fri Mar 13 06:15:01 AM WIB 2026 ===
Fri Mar 13 06:15:01 AM WIB 2026: ✅ ThreadsBot is running
Fri Mar 13 06:15:01 AM WIB 2026: ✅ Port 5008 is listening
Fri Mar 13 06:15:01 AM WIB 2026: ✅ Database exists (589824 bytes)

=== Health Check Fri Mar 13 06:30:01 AM WIB 2026 ===
Fri Mar 13 06:30:01 AM WIB 2026: ✅ ThreadsBot is running
Fri Mar 13 06:30:01 AM WIB 2026: ✅ Port 5008 is listening
Fri Mar 13 06:30:01 AM WIB 2026: ✅ Database exists (589824 bytes)

=== Health Check Fri Mar 13 06:45:01 AM WIB 2026 ===
Fri Mar 13 06:45:01 AM WIB 2026: ✅ ThreadsBot is running
Fri Mar 13 06:45:01 AM WIB 2026: ✅ Port 5008 is listening
Fri Mar 13 06:45:01 AM WIB 2026: ✅ Database exists (589824 bytes)

=== Health Check Fri Mar 13 07:00:01 AM WIB 2026 ===
Fri Mar 13 07:00:01 AM WIB 2026: ✅ ThreadsBot is running
Fri Mar 13 07:00:01 AM WIB 2026: ✅ Port 5008 is listening
Fri Mar 13 07:00:01 AM WIB 2026: ✅ Database exists (589824 bytes)

=== Health Check Fri Mar 13 07:15:01 AM WIB 2026 ===
Fri Mar 13 07:15:01 AM WIB 2026: ✅ ThreadsBot is running
Fri Mar 13 07:15:01 AM WIB 2026: ✅ Port 5008 is listening
Fri Mar 13 07:15:01 AM WIB 2026: ✅ Database exists (589824 bytes)

=== Health Check Fri Mar 13 07:30:01 AM WIB 2026 ===
Fri Mar 13 07:30:01 AM WIB 2026: ✅ ThreadsBot is running
Fri Mar 13 07:30:01 AM WIB 2026: ✅ Port 5008 is listening
Fri Mar 13 07:30:01 AM WIB 2026: ✅ Database exists (589824 bytes)

=== Health Check Fri Mar 13 07:45:01 AM WIB 2026 ===
Fri Mar 13 07:45:01 AM WIB 2026: ✅ ThreadsBot is running
Fri Mar 13 07:45:01 AM WIB 2026: ✅ Port 5008 is listening
Fri Mar 13 07:45:01 AM WIB 2026: ✅ Database exists (589824 bytes)

=== Health Check Fri Mar 13 08:00:01 AM WIB 2026 ===
Fri Mar 13 08:00:01 AM WIB 2026: ✅ ThreadsBot is running
Fri Mar 13 08:00:01 AM WIB 2026: ✅ Port 5008 is listening
Fri Mar 13 08:00:01 AM WIB 2026: ✅ Database exists (589824 bytes)

=== Health Check Fri Mar 13 08:15:01 AM WIB 2026 ===
Fri Mar 13 08:15:01 AM WIB 2026: ✅ ThreadsBot is running
Fri Mar 13 08:15:01 AM WIB 2026: ✅ Port 5008 is listening
Fri Mar 13 08:15:01 AM WIB 2026: ✅ Database exists (589824 bytes)

=== Health Check Fri Mar 13 08:30:01 AM WIB 2026 ===
Fri Mar 13 08:30:01 AM WIB 2026: ✅ ThreadsBot is running
Fri Mar 13 08:30:01 AM WIB 2026: ✅ Port 5008 is listening
Fri Mar 13 08:30:01 AM WIB 2026: ✅ Database exists (589824 bytes)

=== Health Check Fri Mar 13 08:45:01 AM WIB 2026 ===
Fri Mar 13 08:45:01 AM WIB 2026: ✅ ThreadsBot is running
Fri Mar 13 08:45:01 AM WIB 2026: ✅ Port 5008 is listening
Fri Mar 13 08:45:01 AM WIB 2026: ✅ Database exists (589824 bytes)

=== Health Check Fri Mar 13 09:00:01 AM WIB 2026 ===
Fri Mar 13 09:00:01 AM WIB 2026: ✅ ThreadsBot is running
Fri Mar 13 09:00:01 AM WIB 2026: ✅ Port 5008 is listening
Fri Mar 13 09:00:01 AM WIB 2026: ✅ Database exists (589824 bytes)

