node:internal/modules/cjs/loader:1386
  throw err;
  ^

Error: Cannot find module './core.json'
Require stack:
- /usr/lib/node_modules/pm2/node_modules/is-core-module/index.js
- /usr/lib/node_modules/pm2/node_modules/resolve/lib/async.js
- /usr/lib/node_modules/pm2/node_modules/resolve/index.js
- /usr/lib/node_modules/pm2/node_modules/require-in-the-middle/index.js
- /usr/lib/node_modules/pm2/node_modules/@pm2/io/build/main/metrics/httpMetrics.js
- /usr/lib/node_modules/pm2/node_modules/@pm2/io/build/main/features/metrics.js
- /usr/lib/node_modules/pm2/node_modules/@pm2/io/build/main/featureManager.js
- /usr/lib/node_modules/pm2/node_modules/@pm2/io/build/main/pmx.js
- /usr/lib/node_modules/pm2/node_modules/@pm2/io/build/main/index.js
- /usr/lib/node_modules/pm2/lib/ProcessUtils.js
- /usr/lib/node_modules/pm2/lib/ProcessContainerFork.js
    at Function._resolveFilename (node:internal/modules/cjs/loader:1383:15)
    at defaultResolveImpl (node:internal/modules/cjs/loader:1025:19)
    at resolveForCJSWithHooks (node:internal/modules/cjs/loader:1030:22)
    at Function._load (node:internal/modules/cjs/loader:1192:37)
    at TracingChannel.traceSync (node:diagnostics_channel:328:14)
    at wrapModuleLoad (node:internal/modules/cjs/loader:237:24)
    at Module.require (node:internal/modules/cjs/loader:1463:12)
    at require (node:internal/modules/helpers:147:16)
    at Object.<anonymous> (/usr/lib/node_modules/pm2/node_modules/is-core-module/index.js:65:12)
    at Module._compile (node:internal/modules/cjs/loader:1706:14) {
  code: 'MODULE_NOT_FOUND',
  requireStack: [
    '/usr/lib/node_modules/pm2/node_modules/is-core-module/index.js',
    '/usr/lib/node_modules/pm2/node_modules/resolve/lib/async.js',
    '/usr/lib/node_modules/pm2/node_modules/resolve/index.js',
    '/usr/lib/node_modules/pm2/node_modules/require-in-the-middle/index.js',
    '/usr/lib/node_modules/pm2/node_modules/@pm2/io/build/main/metrics/httpMetrics.js',
    '/usr/lib/node_modules/pm2/node_modules/@pm2/io/build/main/features/metrics.js',
    '/usr/lib/node_modules/pm2/node_modules/@pm2/io/build/main/featureManager.js',
    '/usr/lib/node_modules/pm2/node_modules/@pm2/io/build/main/pmx.js',
    '/usr/lib/node_modules/pm2/node_modules/@pm2/io/build/main/index.js',
    '/usr/lib/node_modules/pm2/lib/ProcessUtils.js',
    '/usr/lib/node_modules/pm2/lib/ProcessContainerFork.js'
  ]
}

Node.js v22.21.0
node:internal/modules/cjs/loader:1386
  throw err;
  ^

Error: Cannot find module './core.json'
Require stack:
- /usr/lib/node_modules/pm2/node_modules/is-core-module/index.js
- /usr/lib/node_modules/pm2/node_modules/resolve/lib/async.js
- /usr/lib/node_modules/pm2/node_modules/resolve/index.js
- /usr/lib/node_modules/pm2/node_modules/require-in-the-middle/index.js
- /usr/lib/node_modules/pm2/node_modules/@pm2/io/build/main/metrics/httpMetrics.js
- /usr/lib/node_modules/pm2/node_modules/@pm2/io/build/main/features/metrics.js
- /usr/lib/node_modules/pm2/node_modules/@pm2/io/build/main/featureManager.js
- /usr/lib/node_modules/pm2/node_modules/@pm2/io/build/main/pmx.js
- /usr/lib/node_modules/pm2/node_modules/@pm2/io/build/main/index.js
- /usr/lib/node_modules/pm2/lib/ProcessUtils.js
- /usr/lib/node_modules/pm2/lib/ProcessContainerFork.js
    at Function._resolveFilename (node:internal/modules/cjs/loader:1383:15)
    at defaultResolveImpl (node:internal/modules/cjs/loader:1025:19)
    at resolveForCJSWithHooks (node:internal/modules/cjs/loader:1030:22)
    at Function._load (node:internal/modules/cjs/loader:1192:37)
    at TracingChannel.traceSync (node:diagnostics_channel:328:14)
    at wrapModuleLoad (node:internal/modules/cjs/loader:237:24)
    at Module.require (node:internal/modules/cjs/loader:1463:12)
    at require (node:internal/modules/helpers:147:16)
    at Object.<anonymous> (/usr/lib/node_modules/pm2/node_modules/is-core-module/index.js:65:12)
    at Module._compile (node:internal/modules/cjs/loader:1706:14) {
  code: 'MODULE_NOT_FOUND',
  requireStack: [
    '/usr/lib/node_modules/pm2/node_modules/is-core-module/index.js',
    '/usr/lib/node_modules/pm2/node_modules/resolve/lib/async.js',
    '/usr/lib/node_modules/pm2/node_modules/resolve/index.js',
    '/usr/lib/node_modules/pm2/node_modules/require-in-the-middle/index.js',
    '/usr/lib/node_modules/pm2/node_modules/@pm2/io/build/main/metrics/httpMetrics.js',
    '/usr/lib/node_modules/pm2/node_modules/@pm2/io/build/main/features/metrics.js',
    '/usr/lib/node_modules/pm2/node_modules/@pm2/io/build/main/featureManager.js',
    '/usr/lib/node_modules/pm2/node_modules/@pm2/io/build/main/pmx.js',
    '/usr/lib/node_modules/pm2/node_modules/@pm2/io/build/main/index.js',
    '/usr/lib/node_modules/pm2/lib/ProcessUtils.js',
    '/usr/lib/node_modules/pm2/lib/ProcessContainerFork.js'
  ]
}

Node.js v22.21.0
node:internal/modules/cjs/loader:1386
  throw err;
  ^

Error: Cannot find module './core.json'
Require stack:
- /usr/lib/node_modules/pm2/node_modules/is-core-module/index.js
- /usr/lib/node_modules/pm2/node_modules/resolve/lib/async.js
- /usr/lib/node_modules/pm2/node_modules/resolve/index.js
- /usr/lib/node_modules/pm2/node_modules/require-in-the-middle/index.js
- /usr/lib/node_modules/pm2/node_modules/@pm2/io/build/main/metrics/httpMetrics.js
- /usr/lib/node_modules/pm2/node_modules/@pm2/io/build/main/features/metrics.js
- /usr/lib/node_modules/pm2/node_modules/@pm2/io/build/main/featureManager.js
- /usr/lib/node_modules/pm2/node_modules/@pm2/io/build/main/pmx.js
- /usr/lib/node_modules/pm2/node_modules/@pm2/io/build/main/index.js
- /usr/lib/node_modules/pm2/lib/ProcessUtils.js
- /usr/lib/node_modules/pm2/lib/ProcessContainerFork.js
    at Function._resolveFilename (node:internal/modules/cjs/loader:1383:15)
    at defaultResolveImpl (node:internal/modules/cjs/loader:1025:19)
    at resolveForCJSWithHooks (node:internal/modules/cjs/loader:1030:22)
    at Function._load (node:internal/modules/cjs/loader:1192:37)
    at TracingChannel.traceSync (node:diagnostics_channel:328:14)
    at wrapModuleLoad (node:internal/modules/cjs/loader:237:24)
    at Module.require (node:internal/modules/cjs/loader:1463:12)
    at require (node:internal/modules/helpers:147:16)
    at Object.<anonymous> (/usr/lib/node_modules/pm2/node_modules/is-core-module/index.js:65:12)
    at Module._compile (node:internal/modules/cjs/loader:1706:14) {
  code: 'MODULE_NOT_FOUND',
  requireStack: [
    '/usr/lib/node_modules/pm2/node_modules/is-core-module/index.js',
    '/usr/lib/node_modules/pm2/node_modules/resolve/lib/async.js',
    '/usr/lib/node_modules/pm2/node_modules/resolve/index.js',
    '/usr/lib/node_modules/pm2/node_modules/require-in-the-middle/index.js',
    '/usr/lib/node_modules/pm2/node_modules/@pm2/io/build/main/metrics/httpMetrics.js',
    '/usr/lib/node_modules/pm2/node_modules/@pm2/io/build/main/features/metrics.js',
    '/usr/lib/node_modules/pm2/node_modules/@pm2/io/build/main/featureManager.js',
    '/usr/lib/node_modules/pm2/node_modules/@pm2/io/build/main/pmx.js',
    '/usr/lib/node_modules/pm2/node_modules/@pm2/io/build/main/index.js',
    '/usr/lib/node_modules/pm2/lib/ProcessUtils.js',
    '/usr/lib/node_modules/pm2/lib/ProcessContainerFork.js'
  ]
}

Node.js v22.21.0
node:internal/modules/cjs/loader:1386
  throw err;
  ^

Error: Cannot find module './core.json'
Require stack:
- /usr/lib/node_modules/pm2/node_modules/is-core-module/index.js
- /usr/lib/node_modules/pm2/node_modules/resolve/lib/async.js
- /usr/lib/node_modules/pm2/node_modules/resolve/index.js
- /usr/lib/node_modules/pm2/node_modules/require-in-the-middle/index.js
- /usr/lib/node_modules/pm2/node_modules/@pm2/io/build/main/metrics/httpMetrics.js
- /usr/lib/node_modules/pm2/node_modules/@pm2/io/build/main/features/metrics.js
- /usr/lib/node_modules/pm2/node_modules/@pm2/io/build/main/featureManager.js
- /usr/lib/node_modules/pm2/node_modules/@pm2/io/build/main/pmx.js
- /usr/lib/node_modules/pm2/node_modules/@pm2/io/build/main/index.js
- /usr/lib/node_modules/pm2/lib/ProcessUtils.js
- /usr/lib/node_modules/pm2/lib/ProcessContainerFork.js
    at Function._resolveFilename (node:internal/modules/cjs/loader:1383:15)
    at defaultResolveImpl (node:internal/modules/cjs/loader:1025:19)
    at resolveForCJSWithHooks (node:internal/modules/cjs/loader:1030:22)
    at Function._load (node:internal/modules/cjs/loader:1192:37)
    at TracingChannel.traceSync (node:diagnostics_channel:328:14)
    at wrapModuleLoad (node:internal/modules/cjs/loader:237:24)
    at Module.require (node:internal/modules/cjs/loader:1463:12)
    at require (node:internal/modules/helpers:147:16)
    at Object.<anonymous> (/usr/lib/node_modules/pm2/node_modules/is-core-module/index.js:65:12)
    at Module._compile (node:internal/modules/cjs/loader:1706:14) {
  code: 'MODULE_NOT_FOUND',
  requireStack: [
    '/usr/lib/node_modules/pm2/node_modules/is-core-module/index.js',
    '/usr/lib/node_modules/pm2/node_modules/resolve/lib/async.js',
    '/usr/lib/node_modules/pm2/node_modules/resolve/index.js',
    '/usr/lib/node_modules/pm2/node_modules/require-in-the-middle/index.js',
    '/usr/lib/node_modules/pm2/node_modules/@pm2/io/build/main/metrics/httpMetrics.js',
    '/usr/lib/node_modules/pm2/node_modules/@pm2/io/build/main/features/metrics.js',
    '/usr/lib/node_modules/pm2/node_modules/@pm2/io/build/main/featureManager.js',
    '/usr/lib/node_modules/pm2/node_modules/@pm2/io/build/main/pmx.js',
    '/usr/lib/node_modules/pm2/node_modules/@pm2/io/build/main/index.js',
    '/usr/lib/node_modules/pm2/lib/ProcessUtils.js',
    '/usr/lib/node_modules/pm2/lib/ProcessContainerFork.js'
  ]
}

Node.js v22.21.0
node:internal/modules/cjs/loader:1386
  throw err;
  ^

Error: Cannot find module './core.json'
Require stack:
- /usr/lib/node_modules/pm2/node_modules/is-core-module/index.js
- /usr/lib/node_modules/pm2/node_modules/resolve/lib/async.js
- /usr/lib/node_modules/pm2/node_modules/resolve/index.js
- /usr/lib/node_modules/pm2/node_modules/require-in-the-middle/index.js
- /usr/lib/node_modules/pm2/node_modules/@pm2/io/build/main/metrics/httpMetrics.js
- /usr/lib/node_modules/pm2/node_modules/@pm2/io/build/main/features/metrics.js
- /usr/lib/node_modules/pm2/node_modules/@pm2/io/build/main/featureManager.js
- /usr/lib/node_modules/pm2/node_modules/@pm2/io/build/main/pmx.js
- /usr/lib/node_modules/pm2/node_modules/@pm2/io/build/main/index.js
- /usr/lib/node_modules/pm2/lib/ProcessUtils.js
- /usr/lib/node_modules/pm2/lib/ProcessContainerFork.js
    at Function._resolveFilename (node:internal/modules/cjs/loader:1383:15)
    at defaultResolveImpl (node:internal/modules/cjs/loader:1025:19)
    at resolveForCJSWithHooks (node:internal/modules/cjs/loader:1030:22)
    at Function._load (node:internal/modules/cjs/loader:1192:37)
    at TracingChannel.traceSync (node:diagnostics_channel:328:14)
    at wrapModuleLoad (node:internal/modules/cjs/loader:237:24)
    at Module.require (node:internal/modules/cjs/loader:1463:12)
    at require (node:internal/modules/helpers:147:16)
    at Object.<anonymous> (/usr/lib/node_modules/pm2/node_modules/is-core-module/index.js:65:12)
    at Module._compile (node:internal/modules/cjs/loader:1706:14) {
  code: 'MODULE_NOT_FOUND',
  requireStack: [
    '/usr/lib/node_modules/pm2/node_modules/is-core-module/index.js',
    '/usr/lib/node_modules/pm2/node_modules/resolve/lib/async.js',
    '/usr/lib/node_modules/pm2/node_modules/resolve/index.js',
    '/usr/lib/node_modules/pm2/node_modules/require-in-the-middle/index.js',
    '/usr/lib/node_modules/pm2/node_modules/@pm2/io/build/main/metrics/httpMetrics.js',
    '/usr/lib/node_modules/pm2/node_modules/@pm2/io/build/main/features/metrics.js',
    '/usr/lib/node_modules/pm2/node_modules/@pm2/io/build/main/featureManager.js',
    '/usr/lib/node_modules/pm2/node_modules/@pm2/io/build/main/pmx.js',
    '/usr/lib/node_modules/pm2/node_modules/@pm2/io/build/main/index.js',
    '/usr/lib/node_modules/pm2/lib/ProcessUtils.js',
    '/usr/lib/node_modules/pm2/lib/ProcessContainerFork.js'
  ]
}

Node.js v22.21.0
node:internal/modules/cjs/loader:1386
  throw err;
  ^

Error: Cannot find module './core.json'
Require stack:
- /usr/lib/node_modules/pm2/node_modules/is-core-module/index.js
- /usr/lib/node_modules/pm2/node_modules/resolve/lib/async.js
- /usr/lib/node_modules/pm2/node_modules/resolve/index.js
- /usr/lib/node_modules/pm2/node_modules/require-in-the-middle/index.js
- /usr/lib/node_modules/pm2/node_modules/@pm2/io/build/main/metrics/httpMetrics.js
- /usr/lib/node_modules/pm2/node_modules/@pm2/io/build/main/features/metrics.js
- /usr/lib/node_modules/pm2/node_modules/@pm2/io/build/main/featureManager.js
- /usr/lib/node_modules/pm2/node_modules/@pm2/io/build/main/pmx.js
- /usr/lib/node_modules/pm2/node_modules/@pm2/io/build/main/index.js
- /usr/lib/node_modules/pm2/lib/ProcessUtils.js
- /usr/lib/node_modules/pm2/lib/ProcessContainerFork.js
    at Function._resolveFilename (node:internal/modules/cjs/loader:1383:15)
    at defaultResolveImpl (node:internal/modules/cjs/loader:1025:19)
    at resolveForCJSWithHooks (node:internal/modules/cjs/loader:1030:22)
    at Function._load (node:internal/modules/cjs/loader:1192:37)
    at TracingChannel.traceSync (node:diagnostics_channel:328:14)
    at wrapModuleLoad (node:internal/modules/cjs/loader:237:24)
    at Module.require (node:internal/modules/cjs/loader:1463:12)
    at require (node:internal/modules/helpers:147:16)
    at Object.<anonymous> (/usr/lib/node_modules/pm2/node_modules/is-core-module/index.js:65:12)
    at Module._compile (node:internal/modules/cjs/loader:1706:14) {
  code: 'MODULE_NOT_FOUND',
  requireStack: [
    '/usr/lib/node_modules/pm2/node_modules/is-core-module/index.js',
    '/usr/lib/node_modules/pm2/node_modules/resolve/lib/async.js',
    '/usr/lib/node_modules/pm2/node_modules/resolve/index.js',
    '/usr/lib/node_modules/pm2/node_modules/require-in-the-middle/index.js',
    '/usr/lib/node_modules/pm2/node_modules/@pm2/io/build/main/metrics/httpMetrics.js',
    '/usr/lib/node_modules/pm2/node_modules/@pm2/io/build/main/features/metrics.js',
    '/usr/lib/node_modules/pm2/node_modules/@pm2/io/build/main/featureManager.js',
    '/usr/lib/node_modules/pm2/node_modules/@pm2/io/build/main/pmx.js',
    '/usr/lib/node_modules/pm2/node_modules/@pm2/io/build/main/index.js',
    '/usr/lib/node_modules/pm2/lib/ProcessUtils.js',
    '/usr/lib/node_modules/pm2/lib/ProcessContainerFork.js'
  ]
}

Node.js v22.21.0
node:internal/modules/cjs/loader:1386
  throw err;
  ^

Error: Cannot find module './core.json'
Require stack:
- /usr/lib/node_modules/pm2/node_modules/is-core-module/index.js
- /usr/lib/node_modules/pm2/node_modules/resolve/lib/async.js
- /usr/lib/node_modules/pm2/node_modules/resolve/index.js
- /usr/lib/node_modules/pm2/node_modules/require-in-the-middle/index.js
- /usr/lib/node_modules/pm2/node_modules/@pm2/io/build/main/metrics/httpMetrics.js
- /usr/lib/node_modules/pm2/node_modules/@pm2/io/build/main/features/metrics.js
- /usr/lib/node_modules/pm2/node_modules/@pm2/io/build/main/featureManager.js
- /usr/lib/node_modules/pm2/node_modules/@pm2/io/build/main/pmx.js
- /usr/lib/node_modules/pm2/node_modules/@pm2/io/build/main/index.js
- /usr/lib/node_modules/pm2/lib/ProcessUtils.js
- /usr/lib/node_modules/pm2/lib/ProcessContainerFork.js
    at Function._resolveFilename (node:internal/modules/cjs/loader:1383:15)
    at defaultResolveImpl (node:internal/modules/cjs/loader:1025:19)
    at resolveForCJSWithHooks (node:internal/modules/cjs/loader:1030:22)
    at Function._load (node:internal/modules/cjs/loader:1192:37)
    at TracingChannel.traceSync (node:diagnostics_channel:328:14)
    at wrapModuleLoad (node:internal/modules/cjs/loader:237:24)
    at Module.require (node:internal/modules/cjs/loader:1463:12)
    at require (node:internal/modules/helpers:147:16)
    at Object.<anonymous> (/usr/lib/node_modules/pm2/node_modules/is-core-module/index.js:65:12)
    at Module._compile (node:internal/modules/cjs/loader:1706:14) {
  code: 'MODULE_NOT_FOUND',
  requireStack: [
    '/usr/lib/node_modules/pm2/node_modules/is-core-module/index.js',
    '/usr/lib/node_modules/pm2/node_modules/resolve/lib/async.js',
    '/usr/lib/node_modules/pm2/node_modules/resolve/index.js',
    '/usr/lib/node_modules/pm2/node_modules/require-in-the-middle/index.js',
    '/usr/lib/node_modules/pm2/node_modules/@pm2/io/build/main/metrics/httpMetrics.js',
    '/usr/lib/node_modules/pm2/node_modules/@pm2/io/build/main/features/metrics.js',
    '/usr/lib/node_modules/pm2/node_modules/@pm2/io/build/main/featureManager.js',
    '/usr/lib/node_modules/pm2/node_modules/@pm2/io/build/main/pmx.js',
    '/usr/lib/node_modules/pm2/node_modules/@pm2/io/build/main/index.js',
    '/usr/lib/node_modules/pm2/lib/ProcessUtils.js',
    '/usr/lib/node_modules/pm2/lib/ProcessContainerFork.js'
  ]
}

Node.js v22.21.0
node:internal/modules/cjs/loader:1386
  throw err;
  ^

Error: Cannot find module './core.json'
Require stack:
- /usr/lib/node_modules/pm2/node_modules/is-core-module/index.js
- /usr/lib/node_modules/pm2/node_modules/resolve/lib/async.js
- /usr/lib/node_modules/pm2/node_modules/resolve/index.js
- /usr/lib/node_modules/pm2/node_modules/require-in-the-middle/index.js
- /usr/lib/node_modules/pm2/node_modules/@pm2/io/build/main/metrics/httpMetrics.js
- /usr/lib/node_modules/pm2/node_modules/@pm2/io/build/main/features/metrics.js
- /usr/lib/node_modules/pm2/node_modules/@pm2/io/build/main/featureManager.js
- /usr/lib/node_modules/pm2/node_modules/@pm2/io/build/main/pmx.js
- /usr/lib/node_modules/pm2/node_modules/@pm2/io/build/main/index.js
- /usr/lib/node_modules/pm2/lib/ProcessUtils.js
- /usr/lib/node_modules/pm2/lib/ProcessContainerFork.js
    at Function._resolveFilename (node:internal/modules/cjs/loader:1383:15)
    at defaultResolveImpl (node:internal/modules/cjs/loader:1025:19)
    at resolveForCJSWithHooks (node:internal/modules/cjs/loader:1030:22)
    at Function._load (node:internal/modules/cjs/loader:1192:37)
    at TracingChannel.traceSync (node:diagnostics_channel:328:14)
    at wrapModuleLoad (node:internal/modules/cjs/loader:237:24)
    at Module.require (node:internal/modules/cjs/loader:1463:12)
    at require (node:internal/modules/helpers:147:16)
    at Object.<anonymous> (/usr/lib/node_modules/pm2/node_modules/is-core-module/index.js:65:12)
    at Module._compile (node:internal/modules/cjs/loader:1706:14) {
  code: 'MODULE_NOT_FOUND',
  requireStack: [
    '/usr/lib/node_modules/pm2/node_modules/is-core-module/index.js',
    '/usr/lib/node_modules/pm2/node_modules/resolve/lib/async.js',
    '/usr/lib/node_modules/pm2/node_modules/resolve/index.js',
    '/usr/lib/node_modules/pm2/node_modules/require-in-the-middle/index.js',
    '/usr/lib/node_modules/pm2/node_modules/@pm2/io/build/main/metrics/httpMetrics.js',
    '/usr/lib/node_modules/pm2/node_modules/@pm2/io/build/main/features/metrics.js',
    '/usr/lib/node_modules/pm2/node_modules/@pm2/io/build/main/featureManager.js',
    '/usr/lib/node_modules/pm2/node_modules/@pm2/io/build/main/pmx.js',
    '/usr/lib/node_modules/pm2/node_modules/@pm2/io/build/main/index.js',
    '/usr/lib/node_modules/pm2/lib/ProcessUtils.js',
    '/usr/lib/node_modules/pm2/lib/ProcessContainerFork.js'
  ]
}

Node.js v22.21.0
node:internal/modules/cjs/loader:1386
  throw err;
  ^

Error: Cannot find module './core.json'
Require stack:
- /usr/lib/node_modules/pm2/node_modules/is-core-module/index.js
- /usr/lib/node_modules/pm2/node_modules/resolve/lib/async.js
- /usr/lib/node_modules/pm2/node_modules/resolve/index.js
- /usr/lib/node_modules/pm2/node_modules/require-in-the-middle/index.js
- /usr/lib/node_modules/pm2/node_modules/@pm2/io/build/main/metrics/httpMetrics.js
- /usr/lib/node_modules/pm2/node_modules/@pm2/io/build/main/features/metrics.js
- /usr/lib/node_modules/pm2/node_modules/@pm2/io/build/main/featureManager.js
- /usr/lib/node_modules/pm2/node_modules/@pm2/io/build/main/pmx.js
- /usr/lib/node_modules/pm2/node_modules/@pm2/io/build/main/index.js
- /usr/lib/node_modules/pm2/lib/ProcessUtils.js
- /usr/lib/node_modules/pm2/lib/ProcessContainerFork.js
    at Function._resolveFilename (node:internal/modules/cjs/loader:1383:15)
    at defaultResolveImpl (node:internal/modules/cjs/loader:1025:19)
    at resolveForCJSWithHooks (node:internal/modules/cjs/loader:1030:22)
    at Function._load (node:internal/modules/cjs/loader:1192:37)
    at TracingChannel.traceSync (node:diagnostics_channel:328:14)
    at wrapModuleLoad (node:internal/modules/cjs/loader:237:24)
    at Module.require (node:internal/modules/cjs/loader:1463:12)
    at require (node:internal/modules/helpers:147:16)
    at Object.<anonymous> (/usr/lib/node_modules/pm2/node_modules/is-core-module/index.js:65:12)
    at Module._compile (node:internal/modules/cjs/loader:1706:14) {
  code: 'MODULE_NOT_FOUND',
  requireStack: [
    '/usr/lib/node_modules/pm2/node_modules/is-core-module/index.js',
    '/usr/lib/node_modules/pm2/node_modules/resolve/lib/async.js',
    '/usr/lib/node_modules/pm2/node_modules/resolve/index.js',
    '/usr/lib/node_modules/pm2/node_modules/require-in-the-middle/index.js',
    '/usr/lib/node_modules/pm2/node_modules/@pm2/io/build/main/metrics/httpMetrics.js',
    '/usr/lib/node_modules/pm2/node_modules/@pm2/io/build/main/features/metrics.js',
    '/usr/lib/node_modules/pm2/node_modules/@pm2/io/build/main/featureManager.js',
    '/usr/lib/node_modules/pm2/node_modules/@pm2/io/build/main/pmx.js',
    '/usr/lib/node_modules/pm2/node_modules/@pm2/io/build/main/index.js',
    '/usr/lib/node_modules/pm2/lib/ProcessUtils.js',
    '/usr/lib/node_modules/pm2/lib/ProcessContainerFork.js'
  ]
}

Node.js v22.21.0
node:internal/modules/cjs/loader:1386
  throw err;
  ^

Error: Cannot find module './core.json'
Require stack:
- /usr/lib/node_modules/pm2/node_modules/is-core-module/index.js
- /usr/lib/node_modules/pm2/node_modules/resolve/lib/async.js
- /usr/lib/node_modules/pm2/node_modules/resolve/index.js
- /usr/lib/node_modules/pm2/node_modules/require-in-the-middle/index.js
- /usr/lib/node_modules/pm2/node_modules/@pm2/io/build/main/metrics/httpMetrics.js
- /usr/lib/node_modules/pm2/node_modules/@pm2/io/build/main/features/metrics.js
- /usr/lib/node_modules/pm2/node_modules/@pm2/io/build/main/featureManager.js
- /usr/lib/node_modules/pm2/node_modules/@pm2/io/build/main/pmx.js
- /usr/lib/node_modules/pm2/node_modules/@pm2/io/build/main/index.js
- /usr/lib/node_modules/pm2/lib/ProcessUtils.js
- /usr/lib/node_modules/pm2/lib/ProcessContainerFork.js
    at Function._resolveFilename (node:internal/modules/cjs/loader:1383:15)
    at defaultResolveImpl (node:internal/modules/cjs/loader:1025:19)
    at resolveForCJSWithHooks (node:internal/modules/cjs/loader:1030:22)
    at Function._load (node:internal/modules/cjs/loader:1192:37)
    at TracingChannel.traceSync (node:diagnostics_channel:328:14)
    at wrapModuleLoad (node:internal/modules/cjs/loader:237:24)
    at Module.require (node:internal/modules/cjs/loader:1463:12)
    at require (node:internal/modules/helpers:147:16)
    at Object.<anonymous> (/usr/lib/node_modules/pm2/node_modules/is-core-module/index.js:65:12)
    at Module._compile (node:internal/modules/cjs/loader:1706:14) {
  code: 'MODULE_NOT_FOUND',
  requireStack: [
    '/usr/lib/node_modules/pm2/node_modules/is-core-module/index.js',
    '/usr/lib/node_modules/pm2/node_modules/resolve/lib/async.js',
    '/usr/lib/node_modules/pm2/node_modules/resolve/index.js',
    '/usr/lib/node_modules/pm2/node_modules/require-in-the-middle/index.js',
    '/usr/lib/node_modules/pm2/node_modules/@pm2/io/build/main/metrics/httpMetrics.js',
    '/usr/lib/node_modules/pm2/node_modules/@pm2/io/build/main/features/metrics.js',
    '/usr/lib/node_modules/pm2/node_modules/@pm2/io/build/main/featureManager.js',
    '/usr/lib/node_modules/pm2/node_modules/@pm2/io/build/main/pmx.js',
    '/usr/lib/node_modules/pm2/node_modules/@pm2/io/build/main/index.js',
    '/usr/lib/node_modules/pm2/lib/ProcessUtils.js',
    '/usr/lib/node_modules/pm2/lib/ProcessContainerFork.js'
  ]
}

Node.js v22.21.0
node:internal/modules/cjs/loader:1386
  throw err;
  ^

Error: Cannot find module './core.json'
Require stack:
- /usr/lib/node_modules/pm2/node_modules/is-core-module/index.js
- /usr/lib/node_modules/pm2/node_modules/resolve/lib/async.js
- /usr/lib/node_modules/pm2/node_modules/resolve/index.js
- /usr/lib/node_modules/pm2/node_modules/require-in-the-middle/index.js
- /usr/lib/node_modules/pm2/node_modules/@pm2/io/build/main/metrics/httpMetrics.js
- /usr/lib/node_modules/pm2/node_modules/@pm2/io/build/main/features/metrics.js
- /usr/lib/node_modules/pm2/node_modules/@pm2/io/build/main/featureManager.js
- /usr/lib/node_modules/pm2/node_modules/@pm2/io/build/main/pmx.js
- /usr/lib/node_modules/pm2/node_modules/@pm2/io/build/main/index.js
- /usr/lib/node_modules/pm2/lib/ProcessUtils.js
- /usr/lib/node_modules/pm2/lib/ProcessContainerFork.js
    at Function._resolveFilename (node:internal/modules/cjs/loader:1383:15)
    at defaultResolveImpl (node:internal/modules/cjs/loader:1025:19)
    at resolveForCJSWithHooks (node:internal/modules/cjs/loader:1030:22)
    at Function._load (node:internal/modules/cjs/loader:1192:37)
    at TracingChannel.traceSync (node:diagnostics_channel:328:14)
    at wrapModuleLoad (node:internal/modules/cjs/loader:237:24)
    at Module.require (node:internal/modules/cjs/loader:1463:12)
    at require (node:internal/modules/helpers:147:16)
    at Object.<anonymous> (/usr/lib/node_modules/pm2/node_modules/is-core-module/index.js:65:12)
    at Module._compile (node:internal/modules/cjs/loader:1706:14) {
  code: 'MODULE_NOT_FOUND',
  requireStack: [
    '/usr/lib/node_modules/pm2/node_modules/is-core-module/index.js',
    '/usr/lib/node_modules/pm2/node_modules/resolve/lib/async.js',
    '/usr/lib/node_modules/pm2/node_modules/resolve/index.js',
    '/usr/lib/node_modules/pm2/node_modules/require-in-the-middle/index.js',
    '/usr/lib/node_modules/pm2/node_modules/@pm2/io/build/main/metrics/httpMetrics.js',
    '/usr/lib/node_modules/pm2/node_modules/@pm2/io/build/main/features/metrics.js',
    '/usr/lib/node_modules/pm2/node_modules/@pm2/io/build/main/featureManager.js',
    '/usr/lib/node_modules/pm2/node_modules/@pm2/io/build/main/pmx.js',
    '/usr/lib/node_modules/pm2/node_modules/@pm2/io/build/main/index.js',
    '/usr/lib/node_modules/pm2/lib/ProcessUtils.js',
    '/usr/lib/node_modules/pm2/lib/ProcessContainerFork.js'
  ]
}

Node.js v22.21.0
node:internal/modules/cjs/loader:1386
  throw err;
  ^

Error: Cannot find module './core.json'
Require stack:
- /usr/lib/node_modules/pm2/node_modules/is-core-module/index.js
- /usr/lib/node_modules/pm2/node_modules/resolve/lib/async.js
- /usr/lib/node_modules/pm2/node_modules/resolve/index.js
- /usr/lib/node_modules/pm2/node_modules/require-in-the-middle/index.js
- /usr/lib/node_modules/pm2/node_modules/@pm2/io/build/main/metrics/httpMetrics.js
- /usr/lib/node_modules/pm2/node_modules/@pm2/io/build/main/features/metrics.js
- /usr/lib/node_modules/pm2/node_modules/@pm2/io/build/main/featureManager.js
- /usr/lib/node_modules/pm2/node_modules/@pm2/io/build/main/pmx.js
- /usr/lib/node_modules/pm2/node_modules/@pm2/io/build/main/index.js
- /usr/lib/node_modules/pm2/lib/ProcessUtils.js
- /usr/lib/node_modules/pm2/lib/ProcessContainerFork.js
    at Function._resolveFilename (node:internal/modules/cjs/loader:1383:15)
    at defaultResolveImpl (node:internal/modules/cjs/loader:1025:19)
    at resolveForCJSWithHooks (node:internal/modules/cjs/loader:1030:22)
    at Function._load (node:internal/modules/cjs/loader:1192:37)
    at TracingChannel.traceSync (node:diagnostics_channel:328:14)
    at wrapModuleLoad (node:internal/modules/cjs/loader:237:24)
    at Module.require (node:internal/modules/cjs/loader:1463:12)
    at require (node:internal/modules/helpers:147:16)
    at Object.<anonymous> (/usr/lib/node_modules/pm2/node_modules/is-core-module/index.js:65:12)
    at Module._compile (node:internal/modules/cjs/loader:1706:14) {
  code: 'MODULE_NOT_FOUND',
  requireStack: [
    '/usr/lib/node_modules/pm2/node_modules/is-core-module/index.js',
    '/usr/lib/node_modules/pm2/node_modules/resolve/lib/async.js',
    '/usr/lib/node_modules/pm2/node_modules/resolve/index.js',
    '/usr/lib/node_modules/pm2/node_modules/require-in-the-middle/index.js',
    '/usr/lib/node_modules/pm2/node_modules/@pm2/io/build/main/metrics/httpMetrics.js',
    '/usr/lib/node_modules/pm2/node_modules/@pm2/io/build/main/features/metrics.js',
    '/usr/lib/node_modules/pm2/node_modules/@pm2/io/build/main/featureManager.js',
    '/usr/lib/node_modules/pm2/node_modules/@pm2/io/build/main/pmx.js',
    '/usr/lib/node_modules/pm2/node_modules/@pm2/io/build/main/index.js',
    '/usr/lib/node_modules/pm2/lib/ProcessUtils.js',
    '/usr/lib/node_modules/pm2/lib/ProcessContainerFork.js'
  ]
}

Node.js v22.21.0
node:internal/modules/cjs/loader:1386
  throw err;
  ^

Error: Cannot find module './core.json'
Require stack:
- /usr/lib/node_modules/pm2/node_modules/is-core-module/index.js
- /usr/lib/node_modules/pm2/node_modules/resolve/lib/async.js
- /usr/lib/node_modules/pm2/node_modules/resolve/index.js
- /usr/lib/node_modules/pm2/node_modules/require-in-the-middle/index.js
- /usr/lib/node_modules/pm2/node_modules/@pm2/io/build/main/metrics/httpMetrics.js
- /usr/lib/node_modules/pm2/node_modules/@pm2/io/build/main/features/metrics.js
- /usr/lib/node_modules/pm2/node_modules/@pm2/io/build/main/featureManager.js
- /usr/lib/node_modules/pm2/node_modules/@pm2/io/build/main/pmx.js
- /usr/lib/node_modules/pm2/node_modules/@pm2/io/build/main/index.js
- /usr/lib/node_modules/pm2/lib/ProcessUtils.js
- /usr/lib/node_modules/pm2/lib/ProcessContainerFork.js
    at Function._resolveFilename (node:internal/modules/cjs/loader:1383:15)
    at defaultResolveImpl (node:internal/modules/cjs/loader:1025:19)
    at resolveForCJSWithHooks (node:internal/modules/cjs/loader:1030:22)
    at Function._load (node:internal/modules/cjs/loader:1192:37)
    at TracingChannel.traceSync (node:diagnostics_channel:328:14)
    at wrapModuleLoad (node:internal/modules/cjs/loader:237:24)
    at Module.require (node:internal/modules/cjs/loader:1463:12)
    at require (node:internal/modules/helpers:147:16)
    at Object.<anonymous> (/usr/lib/node_modules/pm2/node_modules/is-core-module/index.js:65:12)
    at Module._compile (node:internal/modules/cjs/loader:1706:14) {
  code: 'MODULE_NOT_FOUND',
  requireStack: [
    '/usr/lib/node_modules/pm2/node_modules/is-core-module/index.js',
    '/usr/lib/node_modules/pm2/node_modules/resolve/lib/async.js',
    '/usr/lib/node_modules/pm2/node_modules/resolve/index.js',
    '/usr/lib/node_modules/pm2/node_modules/require-in-the-middle/index.js',
    '/usr/lib/node_modules/pm2/node_modules/@pm2/io/build/main/metrics/httpMetrics.js',
    '/usr/lib/node_modules/pm2/node_modules/@pm2/io/build/main/features/metrics.js',
    '/usr/lib/node_modules/pm2/node_modules/@pm2/io/build/main/featureManager.js',
    '/usr/lib/node_modules/pm2/node_modules/@pm2/io/build/main/pmx.js',
    '/usr/lib/node_modules/pm2/node_modules/@pm2/io/build/main/index.js',
    '/usr/lib/node_modules/pm2/lib/ProcessUtils.js',
    '/usr/lib/node_modules/pm2/lib/ProcessContainerFork.js'
  ]
}

Node.js v22.21.0
node:internal/modules/cjs/loader:1386
  throw err;
  ^

Error: Cannot find module './core.json'
Require stack:
- /usr/lib/node_modules/pm2/node_modules/is-core-module/index.js
- /usr/lib/node_modules/pm2/node_modules/resolve/lib/async.js
- /usr/lib/node_modules/pm2/node_modules/resolve/index.js
- /usr/lib/node_modules/pm2/node_modules/require-in-the-middle/index.js
- /usr/lib/node_modules/pm2/node_modules/@pm2/io/build/main/metrics/httpMetrics.js
- /usr/lib/node_modules/pm2/node_modules/@pm2/io/build/main/features/metrics.js
- /usr/lib/node_modules/pm2/node_modules/@pm2/io/build/main/featureManager.js
- /usr/lib/node_modules/pm2/node_modules/@pm2/io/build/main/pmx.js
- /usr/lib/node_modules/pm2/node_modules/@pm2/io/build/main/index.js
- /usr/lib/node_modules/pm2/lib/ProcessUtils.js
- /usr/lib/node_modules/pm2/lib/ProcessContainerFork.js
    at Function._resolveFilename (node:internal/modules/cjs/loader:1383:15)
    at defaultResolveImpl (node:internal/modules/cjs/loader:1025:19)
    at resolveForCJSWithHooks (node:internal/modules/cjs/loader:1030:22)
    at Function._load (node:internal/modules/cjs/loader:1192:37)
    at TracingChannel.traceSync (node:diagnostics_channel:328:14)
    at wrapModuleLoad (node:internal/modules/cjs/loader:237:24)
    at Module.require (node:internal/modules/cjs/loader:1463:12)
    at require (node:internal/modules/helpers:147:16)
    at Object.<anonymous> (/usr/lib/node_modules/pm2/node_modules/is-core-module/index.js:65:12)
    at Module._compile (node:internal/modules/cjs/loader:1706:14) {
  code: 'MODULE_NOT_FOUND',
  requireStack: [
    '/usr/lib/node_modules/pm2/node_modules/is-core-module/index.js',
    '/usr/lib/node_modules/pm2/node_modules/resolve/lib/async.js',
    '/usr/lib/node_modules/pm2/node_modules/resolve/index.js',
    '/usr/lib/node_modules/pm2/node_modules/require-in-the-middle/index.js',
    '/usr/lib/node_modules/pm2/node_modules/@pm2/io/build/main/metrics/httpMetrics.js',
    '/usr/lib/node_modules/pm2/node_modules/@pm2/io/build/main/features/metrics.js',
    '/usr/lib/node_modules/pm2/node_modules/@pm2/io/build/main/featureManager.js',
    '/usr/lib/node_modules/pm2/node_modules/@pm2/io/build/main/pmx.js',
    '/usr/lib/node_modules/pm2/node_modules/@pm2/io/build/main/index.js',
    '/usr/lib/node_modules/pm2/lib/ProcessUtils.js',
    '/usr/lib/node_modules/pm2/lib/ProcessContainerFork.js'
  ]
}

Node.js v22.21.0
node:internal/modules/cjs/loader:1386
  throw err;
  ^

Error: Cannot find module './core.json'
Require stack:
- /usr/lib/node_modules/pm2/node_modules/is-core-module/index.js
- /usr/lib/node_modules/pm2/node_modules/resolve/lib/async.js
- /usr/lib/node_modules/pm2/node_modules/resolve/index.js
- /usr/lib/node_modules/pm2/node_modules/require-in-the-middle/index.js
- /usr/lib/node_modules/pm2/node_modules/@pm2/io/build/main/metrics/httpMetrics.js
- /usr/lib/node_modules/pm2/node_modules/@pm2/io/build/main/features/metrics.js
- /usr/lib/node_modules/pm2/node_modules/@pm2/io/build/main/featureManager.js
- /usr/lib/node_modules/pm2/node_modules/@pm2/io/build/main/pmx.js
- /usr/lib/node_modules/pm2/node_modules/@pm2/io/build/main/index.js
- /usr/lib/node_modules/pm2/lib/ProcessUtils.js
- /usr/lib/node_modules/pm2/lib/ProcessContainerFork.js
    at Function._resolveFilename (node:internal/modules/cjs/loader:1383:15)
    at defaultResolveImpl (node:internal/modules/cjs/loader:1025:19)
    at resolveForCJSWithHooks (node:internal/modules/cjs/loader:1030:22)
    at Function._load (node:internal/modules/cjs/loader:1192:37)
    at TracingChannel.traceSync (node:diagnostics_channel:328:14)
    at wrapModuleLoad (node:internal/modules/cjs/loader:237:24)
    at Module.require (node:internal/modules/cjs/loader:1463:12)
    at require (node:internal/modules/helpers:147:16)
    at Object.<anonymous> (/usr/lib/node_modules/pm2/node_modules/is-core-module/index.js:65:12)
    at Module._compile (node:internal/modules/cjs/loader:1706:14) {
  code: 'MODULE_NOT_FOUND',
  requireStack: [
    '/usr/lib/node_modules/pm2/node_modules/is-core-module/index.js',
    '/usr/lib/node_modules/pm2/node_modules/resolve/lib/async.js',
    '/usr/lib/node_modules/pm2/node_modules/resolve/index.js',
    '/usr/lib/node_modules/pm2/node_modules/require-in-the-middle/index.js',
    '/usr/lib/node_modules/pm2/node_modules/@pm2/io/build/main/metrics/httpMetrics.js',
    '/usr/lib/node_modules/pm2/node_modules/@pm2/io/build/main/features/metrics.js',
    '/usr/lib/node_modules/pm2/node_modules/@pm2/io/build/main/featureManager.js',
    '/usr/lib/node_modules/pm2/node_modules/@pm2/io/build/main/pmx.js',
    '/usr/lib/node_modules/pm2/node_modules/@pm2/io/build/main/index.js',
    '/usr/lib/node_modules/pm2/lib/ProcessUtils.js',
    '/usr/lib/node_modules/pm2/lib/ProcessContainerFork.js'
  ]
}

Node.js v22.21.0
node:internal/modules/cjs/loader:1386
  throw err;
  ^

Error: Cannot find module './core.json'
Require stack:
- /usr/lib/node_modules/pm2/node_modules/is-core-module/index.js
- /usr/lib/node_modules/pm2/node_modules/resolve/lib/async.js
- /usr/lib/node_modules/pm2/node_modules/resolve/index.js
- /usr/lib/node_modules/pm2/node_modules/require-in-the-middle/index.js
- /usr/lib/node_modules/pm2/node_modules/@pm2/io/build/main/metrics/httpMetrics.js
- /usr/lib/node_modules/pm2/node_modules/@pm2/io/build/main/features/metrics.js
- /usr/lib/node_modules/pm2/node_modules/@pm2/io/build/main/featureManager.js
- /usr/lib/node_modules/pm2/node_modules/@pm2/io/build/main/pmx.js
- /usr/lib/node_modules/pm2/node_modules/@pm2/io/build/main/index.js
- /usr/lib/node_modules/pm2/lib/ProcessUtils.js
- /usr/lib/node_modules/pm2/lib/ProcessContainerFork.js
    at Function._resolveFilename (node:internal/modules/cjs/loader:1383:15)
    at defaultResolveImpl (node:internal/modules/cjs/loader:1025:19)
    at resolveForCJSWithHooks (node:internal/modules/cjs/loader:1030:22)
    at Function._load (node:internal/modules/cjs/loader:1192:37)
    at TracingChannel.traceSync (node:diagnostics_channel:328:14)
    at wrapModuleLoad (node:internal/modules/cjs/loader:237:24)
    at Module.require (node:internal/modules/cjs/loader:1463:12)
    at require (node:internal/modules/helpers:147:16)
    at Object.<anonymous> (/usr/lib/node_modules/pm2/node_modules/is-core-module/index.js:65:12)
    at Module._compile (node:internal/modules/cjs/loader:1706:14) {
  code: 'MODULE_NOT_FOUND',
  requireStack: [
    '/usr/lib/node_modules/pm2/node_modules/is-core-module/index.js',
    '/usr/lib/node_modules/pm2/node_modules/resolve/lib/async.js',
    '/usr/lib/node_modules/pm2/node_modules/resolve/index.js',
    '/usr/lib/node_modules/pm2/node_modules/require-in-the-middle/index.js',
    '/usr/lib/node_modules/pm2/node_modules/@pm2/io/build/main/metrics/httpMetrics.js',
    '/usr/lib/node_modules/pm2/node_modules/@pm2/io/build/main/features/metrics.js',
    '/usr/lib/node_modules/pm2/node_modules/@pm2/io/build/main/featureManager.js',
    '/usr/lib/node_modules/pm2/node_modules/@pm2/io/build/main/pmx.js',
    '/usr/lib/node_modules/pm2/node_modules/@pm2/io/build/main/index.js',
    '/usr/lib/node_modules/pm2/lib/ProcessUtils.js',
    '/usr/lib/node_modules/pm2/lib/ProcessContainerFork.js'
  ]
}

Node.js v22.21.0
